2021-03-17 16:25:05,973 : INFO : root : Loading config.
2021-03-17 16:25:05,981 : INFO : YamlMultifileConfigLoader : Machine config file #1: config.yaml
2021-03-17 16:25:05,987 : WARNING : ConfigProcessor : Config file in cache changed: C:\Users\Noah\work\Andy Cavatorta\thirtybirds_2_0\MPF\noahgame_02\config\config.yaml
2021-03-17 16:25:05,987 : INFO : ConfigProcessor : Loading config from file c:\users\noah\mpfenv\lib\site-packages\mpf\mpfconfig.yaml.
2021-03-17 16:25:06,167 : INFO : ConfigProcessor : Loading config: c:\users\noah\mpfenv\lib\site-packages\mpf\mpfconfig.yaml
2021-03-17 16:25:06,169 : INFO : ConfigProcessor : Loading config from file C:\Users\Noah\work\Andy Cavatorta\thirtybirds_2_0\MPF\noahgame_02\config\config.yaml.
2021-03-17 16:25:06,195 : INFO : ConfigProcessor : Loading config: C:\Users\Noah\work\Andy Cavatorta\thirtybirds_2_0\MPF\noahgame_02\config\config.yaml
2021-03-17 16:25:06,198 : INFO : ConfigProcessor : Config file cache created: C:\Users\Noah\AppData\Local\Temp\1565ad5cc4a86baa475043faad25ebb6.mpf_cache
2021-03-17 16:25:06,370 : INFO : ConfigProcessor : Loading config from cache: C:\Users\Noah\AppData\Local\Temp\74774f186c18434d8d39d0d4b0a3afeb.mpf_cache
2021-03-17 16:25:06,371 : INFO : ConfigProcessor : Loading config from cache: C:\Users\Noah\AppData\Local\Temp\a7eac71e9da1e9cfd4db34c71351dbda.mpf_cache
2021-03-17 16:25:06,372 : INFO : Machine : Mission Pinball Framework Core Engine v0.54.6
2021-03-17 16:25:06,372 : INFO : Machine : Command line arguments: {'no_load_cache': False, 'create_config_cache': True, 'bcp': True, 'configfile': ['config.yaml'], 'force_assets_load': False, 'jsonlogging': False, 'logfile': 'logs\\2021-03-17-16-25-05-mpf-DESKTOP-VL0THH1.log', 'pause': False, 'production': False, 'text_ui': False, 'loglevel': 15, 'consoleloglevel': 20, 'force_platform': None, 'syslog_address': None, 'mc_file_name': None, 'no_sound': False}
2021-03-17 16:25:06,373 : INFO : Machine : MPF path: c:\users\noah\mpfenv\lib\site-packages\mpf
2021-03-17 16:25:06,373 : INFO : Machine : Machine path: C:\Users\Noah\work\Andy Cavatorta\thirtybirds_2_0\MPF\noahgame_02
2021-03-17 16:25:06,373 : INFO : Machine : Platform: win32
2021-03-17 16:25:06,373 : INFO : Machine : Python executable location: c:\users\noah\mpfenv\scripts\python.exe
2021-03-17 16:25:06,373 : INFO : Machine : Python version: 3.7.9 (64-bit)
2021-03-17 16:25:06,377 : INFO : Machine : Initialise MPF.
2021-03-17 16:25:06,534 : INFO : P-Roc : Connecting to P-ROC
2021-03-17 16:25:06,740 : INFO : P-Roc : Successfully connected to P-ROC/P3-ROC. Firmware Version: 2. Firmware Revision: 6. Hardware Board ID: 1
2021-03-17 16:25:06,740 : WARNING : P-Roc : Consider upgrading the firmware of your P/P3-Roc to at least 2.14. Your version contains known bugs.
2021-03-17 16:25:06,807 : INFO : EventManager : Event: ======'machine_var_p_roc_version'====== Args={'value': 2, 'prev_value': None, 'change': True}
2021-03-17 16:25:06,807 : INFO : EventManager : Event: ======'machine_var_p_roc_revision'====== Args={'value': 6, 'prev_value': None, 'change': True}
2021-03-17 16:25:06,808 : INFO : EventManager : Event: ======'machine_var_p_roc_hardware_version'====== Args={'value': 1, 'prev_value': None, 'change': True}
2021-03-17 16:25:06,808 : INFO : EventManager : Event: ======'machine_var_credits_string'====== Args={'value': 'FREE PLAY', 'prev_value': None, 'change': True}
2021-03-17 16:25:06,910 : INFO : EventManager : Event: ======'machine_var_mpf_version'====== Args={'value': 'MPF v0.54.6', 'prev_value': None, 'change': True}
2021-03-17 16:25:06,910 : INFO : EventManager : Event: ======'machine_var_mpf_extended_version'====== Args={'value': 'MPF v0.54.6, Config version:5, Show version: 5, BCP version:1.1', 'prev_value': None, 'change': True}
2021-03-17 16:25:06,910 : INFO : EventManager : Event: ======'machine_var_python_version'====== Args={'value': '3.7.9', 'prev_value': None, 'change': True}
2021-03-17 16:25:06,910 : INFO : EventManager : Event: ======'machine_var_platform'====== Args={'value': 'Windows-10-10.0.19041-SP0', 'prev_value': None, 'change': True}
2021-03-17 16:25:06,911 : INFO : EventManager : Event: ======'machine_var_platform_system'====== Args={'value': 'Windows', 'prev_value': None, 'change': True}
2021-03-17 16:25:06,911 : INFO : EventManager : Event: ======'machine_var_platform_release'====== Args={'value': '10', 'prev_value': None, 'change': True}
2021-03-17 16:25:06,911 : INFO : EventManager : Event: ======'machine_var_platform_version'====== Args={'value': '10.0.19041', 'prev_value': None, 'change': True}
2021-03-17 16:25:06,911 : INFO : EventManager : Event: ======'machine_var_platform_machine'====== Args={'value': 'AMD64', 'prev_value': None, 'change': True}
2021-03-17 16:25:06,911 : INFO : EventManager : Event: ======'init_phase_1'====== Args={}
2021-03-17 16:25:06,948 : INFO : EventManager : Event: ======'init_phase_2'====== Args={}
2021-03-17 16:25:06,974 : INFO : EventManager : Event: ======'bcp_connection_attempt'====== Args={'name': 'local_display', 'host': 'localhost', 'port': 5050}
2021-03-17 16:25:06,976 : INFO : BCPClientSocket : Connecting BCP to 'local_display' at localhost:5050...
2021-03-17 16:25:08,996 : INFO : BCPClientSocket : Connected BCP to 'local_display' localhost:5050
2021-03-17 16:25:08,997 : INFO : EventManager : Event: ======'bcp_clients_connected'====== Args={}
2021-03-17 16:25:09,009 : INFO : EventManager : Event: ======'init_phase_3'====== Args={}
2021-03-17 16:25:09,013 : INFO : EventManager : Event: ======'machine_var_mc_version'====== Args={'value': 'MPF-MC v0.54.0', 'prev_value': None, 'change': True}
2021-03-17 16:25:09,013 : INFO : EventManager : Event: ======'machine_var_mc_extended_version'====== Args={'value': 'MPF-MC v0.54.0 (config_version=5, BCP v1.1, Requires MPF v0.54.0)', 'prev_value': None, 'change': True}
2021-03-17 16:25:09,017 : INFO : EventManager : Event: ======'machine_var_master_volume'====== Args={'value': 0.5, 'prev_value': None, 'change': True}
2021-03-17 16:25:09,018 : INFO : EventManager : Event: ======'init_phase_4'====== Args={}
2021-03-17 16:25:09,019 : INFO : EventManager : Event: ======'machine_var_audits_switches_s_left_slingshot'====== Args={'value': 0, 'prev_value': None, 'change': True}
2021-03-17 16:25:09,020 : INFO : EventManager : Event: ======'machine_var_audits_switches_s_right_slignshot'====== Args={'value': 0, 'prev_value': None, 'change': True}
2021-03-17 16:25:09,020 : INFO : EventManager : Event: ======'machine_var_audits_switches_s_left_flipper'====== Args={'value': 0, 'prev_value': None, 'change': True}
2021-03-17 16:25:09,021 : INFO : EventManager : Event: ======'machine_var_audits_switches_s_right_flipper'====== Args={'value': 0, 'prev_value': None, 'change': True}
2021-03-17 16:25:09,022 : INFO : EventManager : Event: ======'init_phase_5'====== Args={}
2021-03-17 16:25:09,023 : INFO : EventManager : Event: ======'init_done'====== Args={}
2021-03-17 16:25:09,024 : INFO : EventManager : Event: ======'machine_reset_phase_1'====== Args={}
2021-03-17 16:25:09,046 : INFO : EventManager : Event: ======'machine_reset_phase_2'====== Args={}
2021-03-17 16:25:09,046 : INFO : EventManager : Event: ======'machine_reset_phase_3'====== Args={}
2021-03-17 16:25:09,052 : INFO : EventManager : Event: ======'reset_complete'====== Args={}
2021-03-17 16:25:09,052 : INFO : EventManager : Event: ======'mode_attract_will_start'====== Args={}
2021-03-17 16:25:09,053 : INFO : EventManager : Event: ======'mode_attract_starting'====== Args={}
2021-03-17 16:25:09,053 : INFO : Mode.attract : Started. Priority: 10
2021-03-17 16:25:09,053 : INFO : EventManager : Event: ======'modes_active_modes_changed'====== Args={}
2021-03-17 16:25:09,054 : INFO : EventManager : Event: ======'mode_attract_started'====== Args={}
2021-03-17 16:25:09,054 : INFO : EventManager : Event: ======'collecting_balls_complete'====== Args={}
2021-03-17 16:25:09,055 : INFO : Machine : Starting the main run loop.
2021-03-17 16:25:15,603 : INFO : SwitchController : <<<<<<< 's_right_flipper' active >>>>>>>
2021-03-17 16:25:15,808 : INFO : SwitchController : <<<<<<< 's_right_flipper' inactive >>>>>>>
2021-03-17 16:25:16,035 : INFO : SwitchController : <<<<<<< 's_right_flipper' active >>>>>>>
2021-03-17 16:25:16,208 : INFO : SwitchController : <<<<<<< 's_right_flipper' inactive >>>>>>>
2021-03-17 16:25:16,734 : INFO : SwitchController : <<<<<<< 's_right_flipper' active >>>>>>>
2021-03-17 16:25:16,928 : INFO : SwitchController : <<<<<<< 's_right_flipper' inactive >>>>>>>
2021-03-17 16:25:17,348 : INFO : SwitchController : <<<<<<< 's_right_flipper' active >>>>>>>
2021-03-17 16:25:17,521 : INFO : SwitchController : <<<<<<< 's_right_flipper' inactive >>>>>>>
2021-03-17 16:25:17,864 : INFO : SwitchController : <<<<<<< 's_left_flipper' active >>>>>>>
2021-03-17 16:25:17,865 : INFO : SwitchController : <<<<<<< 's_left_flipper' inactive >>>>>>>
2021-03-17 16:25:19,594 : INFO : SwitchController : <<<<<<< 's_right_flipper' active >>>>>>>
2021-03-17 16:25:19,799 : INFO : SwitchController : <<<<<<< 's_right_flipper' inactive >>>>>>>
2021-03-17 16:25:20,101 : INFO : SwitchController : <<<<<<< 's_right_flipper' active >>>>>>>
2021-03-17 16:25:20,337 : INFO : SwitchController : <<<<<<< 's_right_flipper' inactive >>>>>>>
2021-03-17 16:25:20,648 : INFO : SwitchController : <<<<<<< 's_right_flipper' active >>>>>>>
2021-03-17 16:25:20,853 : INFO : SwitchController : <<<<<<< 's_right_flipper' inactive >>>>>>>
2021-03-17 16:25:21,015 : INFO : SwitchController : <<<<<<< 's_right_flipper' active >>>>>>>
2021-03-17 16:25:21,156 : INFO : SwitchController : <<<<<<< 's_right_flipper' inactive >>>>>>>
2021-03-17 16:25:21,349 : INFO : SwitchController : <<<<<<< 's_left_flipper' active >>>>>>>
2021-03-17 16:25:21,554 : INFO : SwitchController : <<<<<<< 's_left_flipper' inactive >>>>>>>
2021-03-17 16:25:21,716 : INFO : SwitchController : <<<<<<< 's_left_flipper' active >>>>>>>
2021-03-17 16:25:21,909 : INFO : SwitchController : <<<<<<< 's_left_flipper' inactive >>>>>>>
2021-03-17 16:25:22,136 : INFO : SwitchController : <<<<<<< 's_left_flipper' active >>>>>>>
2021-03-17 16:25:22,277 : INFO : SwitchController : <<<<<<< 's_left_flipper' inactive >>>>>>>
2021-03-17 16:25:22,600 : INFO : SwitchController : <<<<<<< 's_right_flipper' active >>>>>>>
2021-03-17 16:25:22,794 : INFO : SwitchController : <<<<<<< 's_right_flipper' inactive >>>>>>>
2021-03-17 16:25:22,933 : INFO : SwitchController : <<<<<<< 's_right_flipper' active >>>>>>>
2021-03-17 16:25:23,106 : INFO : SwitchController : <<<<<<< 's_right_flipper' inactive >>>>>>>
2021-03-17 16:25:23,287 : INFO : SwitchController : <<<<<<< 's_right_flipper' active >>>>>>>
2021-03-17 16:25:23,449 : INFO : SwitchController : <<<<<<< 's_right_flipper' inactive >>>>>>>
2021-03-17 16:25:23,654 : INFO : SwitchController : <<<<<<< 's_right_flipper' active >>>>>>>
2021-03-17 16:25:23,815 : INFO : SwitchController : <<<<<<< 's_right_flipper' inactive >>>>>>>
2021-03-17 16:25:24,042 : INFO : SwitchController : <<<<<<< 's_left_flipper' active >>>>>>>
2021-03-17 16:25:24,214 : INFO : SwitchController : <<<<<<< 's_left_flipper' inactive >>>>>>>
2021-03-17 16:25:24,440 : INFO : SwitchController : <<<<<<< 's_right_flipper' active >>>>>>>
2021-03-17 16:25:24,709 : INFO : SwitchController : <<<<<<< 's_right_flipper' inactive >>>>>>>
2021-03-17 16:25:24,989 : INFO : SwitchController : <<<<<<< 's_left_flipper' active >>>>>>>
2021-03-17 16:25:25,227 : INFO : SwitchController : <<<<<<< 's_left_flipper' inactive >>>>>>>
2021-03-17 16:25:25,367 : INFO : SwitchController : <<<<<<< 's_right_flipper' active >>>>>>>
2021-03-17 16:25:25,636 : INFO : SwitchController : <<<<<<< 's_right_flipper' inactive >>>>>>>
2021-03-17 16:25:26,045 : INFO : SwitchController : <<<<<<< 's_right_flipper' active >>>>>>>
2021-03-17 16:25:26,230 : INFO : SwitchController : <<<<<<< 's_right_flipper' inactive >>>>>>>
2021-03-17 16:25:26,637 : INFO : SwitchController : <<<<<<< 's_left_flipper' active >>>>>>>
2021-03-17 16:25:26,809 : INFO : SwitchController : <<<<<<< 's_left_flipper' inactive >>>>>>>
2021-03-17 16:25:27,143 : INFO : SwitchController : <<<<<<< 's_right_flipper' active >>>>>>>
2021-03-17 16:25:27,305 : INFO : SwitchController : <<<<<<< 's_right_flipper' inactive >>>>>>>
2021-03-17 16:25:27,606 : INFO : SwitchController : <<<<<<< 's_left_flipper' active >>>>>>>
2021-03-17 16:25:27,742 : INFO : SwitchController : <<<<<<< 's_left_flipper' inactive >>>>>>>
2021-03-17 16:25:28,237 : INFO : SwitchController : <<<<<<< 's_right_flipper' active >>>>>>>
2021-03-17 16:25:28,441 : INFO : SwitchController : <<<<<<< 's_right_flipper' inactive >>>>>>>
2021-03-17 16:25:28,710 : INFO : SwitchController : <<<<<<< 's_left_flipper' active >>>>>>>
2021-03-17 16:25:28,829 : INFO : SwitchController : <<<<<<< 's_left_flipper' inactive >>>>>>>
2021-03-17 16:25:30,312 : INFO : SwitchController : <<<<<<< 's_left_flipper' active >>>>>>>
2021-03-17 16:25:30,334 : INFO : SwitchController : <<<<<<< 's_left_flipper' inactive >>>>>>>
2021-03-17 16:32:27,016 : INFO : SwitchController : <<<<<<< 's_right_slignshot' active >>>>>>>
2021-03-17 16:32:27,199 : INFO : SwitchController : <<<<<<< 's_right_slignshot' inactive >>>>>>>
2021-03-17 16:32:27,258 : INFO : SwitchController : <<<<<<< 's_right_slignshot' active >>>>>>>
2021-03-17 16:32:27,432 : INFO : SwitchController : <<<<<<< 's_right_slignshot' inactive >>>>>>>
2021-03-17 16:32:43,315 : ERROR : asyncio : Exception in callback Util.raise_exceptions(<Task finishe...wer supply.')>) at c:\users\noah\mpfenv\lib\site-packages\mpf\core\utility_functions.py:726
handle: <Handle Util.raise_exceptions(<Task finishe...wer supply.')>) at c:\users\noah\mpfenv\lib\site-packages\mpf\core\utility_functions.py:726>
Traceback (most recent call last):
  File "c:\users\noah\mpfenv\lib\site-packages\mpf\platforms\p_roc_common.py", line 143, in read_events_and_watchdog
    self.proc.flush()
OSError: Error in WriteData: wrote 0 of 8 bytes

The above exception was the direct cause of the following exception:

Traceback (most recent call last):
  File "C:\Users\Noah\AppData\Local\Programs\Python\Python37\lib\asyncio\events.py", line 88, in _run
    self._context.run(self._callback, *self._args)
  File "c:\users\noah\mpfenv\lib\site-packages\mpf\core\utility_functions.py", line 734, in raise_exceptions
    future.result()
  File "c:\users\noah\mpfenv\lib\site-packages\mpf\platforms\p_roc_common.py", line 302, in _poll_events
    loop=self.machine.clock.loop)
  File "c:\users\noah\mpfenv\lib\site-packages\mpf\platforms\p_roc_common.py", line 152, in read_events_and_watchdog
    self.log.name) from error
mpf.exceptions.runtime_error.MpfRuntimeError: Runtime Error in P-Roc: Communication with P/P3-Roc broke down. Check USB cable and power supply. Error Code: RE-P-Roc-2 (https://docs.missionpinball.org/en/0.54/logs/RE-P-Roc-2.html)
2021-03-17 16:32:43,319 : INFO : Machine : Shutting down...
2021-03-17 16:32:43,319 : INFO : EventManager : Event: ======'shutdown'====== Args={}
2021-03-17 16:32:43,330 : ERROR : Machine : Runtime Exception
Traceback (most recent call last):
  File "c:\users\noah\mpfenv\lib\site-packages\mpf\platforms\p_roc_common.py", line 143, in read_events_and_watchdog
    self.proc.flush()
OSError: Error in WriteData: wrote 0 of 8 bytes

The above exception was the direct cause of the following exception:

Traceback (most recent call last):
  File "c:\users\noah\mpfenv\lib\site-packages\mpf\core\machine.py", line 745, in _run_loop
    raise self._exception['exception']
  File "C:\Users\Noah\AppData\Local\Programs\Python\Python37\lib\asyncio\events.py", line 88, in _run
    self._context.run(self._callback, *self._args)
  File "c:\users\noah\mpfenv\lib\site-packages\mpf\core\utility_functions.py", line 734, in raise_exceptions
    future.result()
  File "c:\users\noah\mpfenv\lib\site-packages\mpf\platforms\p_roc_common.py", line 302, in _poll_events
    loop=self.machine.clock.loop)
  File "c:\users\noah\mpfenv\lib\site-packages\mpf\platforms\p_roc_common.py", line 152, in read_events_and_watchdog
    self.log.name) from error
mpf.exceptions.runtime_error.MpfRuntimeError: Runtime Error in P-Roc: Communication with P/P3-Roc broke down. Check USB cable and power supply. Error Code: RE-P-Roc-2 (https://docs.missionpinball.org/en/0.54/logs/RE-P-Roc-2.html)
2021-03-17 16:32:43,333 : INFO : root : MPF run loop ended.
