2021-03-18 20:14:49,096 : kivy : Factory: 184 symbols loaded
2021-03-18 20:14:49,304 : kivy : ImageLoaderFFPy: Using ffpyplayer 4.3.1
2021-03-18 20:14:49,308 : kivy : Image: Providers: img_tex, img_dds, img_sdl2, img_pil, img_ffpyplayer, img_gif 
2021-03-18 20:14:49,376 : kivy : VideoGstplayer: Using Gstreamer 1.16.0.0
2021-03-18 20:14:49,376 : kivy : Video: Provider: gstplayer
2021-03-18 20:14:49,453 : kivy : Loading MPF-MC controller
2021-03-18 20:14:49,457 : YamlMultifileConfigLoader : Machine config file #1: config
2021-03-18 20:14:49,458 : ConfigProcessor : Config file in cache changed: C:\Users\Noah\work\Andy Cavatorta\pinball\notes\MPF\noahgame_02\config\config
2021-03-18 20:14:49,459 : ConfigProcessor : Loading config from file c:\users\noah\mpfenv\lib\site-packages\mpfmc\mcconfig.yaml.
2021-03-18 20:14:49,509 : ConfigProcessor : Loading config: c:\users\noah\mpfenv\lib\site-packages\mpfmc\mcconfig.yaml
2021-03-18 20:14:49,510 : ConfigProcessor : Loading config from file C:\Users\Noah\work\Andy Cavatorta\pinball\notes\MPF\noahgame_02\config\config.
2021-03-18 20:14:49,539 : ConfigProcessor : Loading config: C:\Users\Noah\work\Andy Cavatorta\pinball\notes\MPF\noahgame_02\config\config
2021-03-18 20:14:49,541 : ConfigProcessor : Config file cache created: C:\Users\Noah\AppData\Local\Temp\13e1228f6bf8ea03affe51e56cb3543a.mpf_cache
2021-03-18 20:14:49,542 : ConfigProcessor : Loading config from cache: C:\Users\Noah\AppData\Local\Temp\74774f186c18434d8d39d0d4b0a3afeb.mpf_cache
2021-03-18 20:14:49,543 : ConfigProcessor : Loading config from cache: C:\Users\Noah\AppData\Local\Temp\a7eac71e9da1e9cfd4db34c71351dbda.mpf_cache
2021-03-18 20:14:49,544 : ConfigProcessor : Loading config from cache: C:\Users\Noah\AppData\Local\Temp\c6adbc38c235400b65ae43d7099eba05.mpf_cache
2021-03-18 20:14:49,545 : mpfmc : Mission Pinball Framework Media Controller v0.54.0
2021-03-18 20:14:49,545 : mpfmc : Mission Pinball Framework Game Engine v0.54.6
2021-03-18 20:14:49,546 : mpfmc : Machine path: C:\Users\Noah\work\Andy Cavatorta\pinball\notes\MPF\noahgame_02
2021-03-18 20:14:49,547 : mpfmc : Starting clock at 60.0Hz
2021-03-18 20:14:49,578 : kivy : Text: Provider: sdl2
2021-03-18 20:14:49,637 : kivy : Window: Provider: sdl2
2021-03-18 20:14:49,787 : kivy : GL: Using the "OpenGL" graphics system
2021-03-18 20:14:49,789 : kivy : GL: GLEW initialization succeeded
2021-03-18 20:14:49,790 : kivy : GL: Backend used <glew>
2021-03-18 20:14:49,791 : kivy : GL: OpenGL version <b'4.4.0 - Build 20.19.15.4835'>
2021-03-18 20:14:49,792 : kivy : GL: OpenGL vendor <b'Intel'>
2021-03-18 20:14:49,793 : kivy : GL: OpenGL renderer <b'Intel(R) HD Graphics 5500'>
2021-03-18 20:14:49,794 : kivy : GL: OpenGL parsed version: 4, 4
2021-03-18 20:14:49,795 : kivy : GL: Shading version <b'4.40 - Build 20.19.15.4835'>
2021-03-18 20:14:49,797 : kivy : GL: Texture max size <16384>
2021-03-18 20:14:49,799 : kivy : GL: Texture max units <32>
2021-03-18 20:14:49,826 : kivy : Window: auto add sdl2 input provider
2021-03-18 20:14:49,827 : kivy : Window: virtual keyboard not allowed, single mode, not docked
2021-03-18 20:14:49,845 : SoundSystem : SoundSystem: Using default 'sound_system' settings
2021-03-18 20:14:50,306 : AudioInterface : Initialized
2021-03-18 20:14:50,307 : SoundSystem : No audio tracks are specified in your machine config file. a track named 'default' has been created.
2021-03-18 20:14:50,311 : kivy : Base: Start application main loop
2021-03-18 20:14:50,312 : EventManager : Event: ======'display_window_initialized'====== Args={}
2021-03-18 20:14:50,336 : mpfmc : Display: Setting 'window' as default display
2021-03-18 20:14:50,348 : EventManager : Event: ======'displays_initialized'====== Args={}
2021-03-18 20:14:50,350 : EventManager : Event: ======'slide_window_blank_created'====== Args={}
2021-03-18 20:14:50,351 : EventManager : Event: ======'display_window_ready'====== Args={}
2021-03-18 20:14:50,365 : EventManager : Event: ======'init_phase_1'====== Args={}
2021-03-18 20:14:50,370 : EventManager : Event: ======'mc_ready'====== Args={}
2021-03-18 20:14:50,370 : EventManager : Event: ======'init_phase_2'====== Args={}
2021-03-18 20:14:50,374 : kivy : Base: Leaving application in progress...
2021-03-18 20:14:50,375 : kivy : Exception while processing RegisteredHandler(callback=<bound method ModeController._load_modes of <mpfmc.core.mode_controller.ModeController object at 0x000002220A240E08>>, priority=1, kwargs={}, key=UUID('2f01f14a-2a70-40f5-8227-05fdf214b954'), condition=None, blocking_facility=None) for event init_phase_2. Config File Error in ConfigValidator: Error while loading mode 'base' >> Config validation error: Entry widgets:text:widgets:text:text = "None" is not valid. Required setting "text:" is missing from section "widgets:text:widgets:text:" in your config. Error Code: CFE-ConfigValidator-9 (https://docs.missionpinball.org/en/0.54/logs/CFE-ConfigValidator-9.html)
Traceback (most recent call last):
  File "c:\users\noah\mpfenv\lib\site-packages\mpf\core\events.py", line 683, in _run_handlers
    result = handler.callback(**merged_kwargs)
  File "c:\users\noah\mpfenv\lib\site-packages\mpfmc\core\mode_controller.py", line 76, in _load_modes
    raise e
  File "c:\users\noah\mpfenv\lib\site-packages\mpfmc\core\mode_controller.py", line 73, in _load_modes
    **item.kwargs)
  File "c:\users\noah\mpfenv\lib\site-packages\mpf\core\config_player.py", line 133, in process_mode_config
    config = self.validate_config(config)
  File "c:\users\noah\mpfenv\lib\site-packages\mpfmc\config_players\slide_player.py", line 263, in validate_config
    self._validate_config_item(slide, slide_settings))
  File "c:\users\noah\mpfenv\lib\site-packages\mpfmc\config_players\slide_player.py", line 276, in _validate_config_item
    config['widgets'])
  File "c:\users\noah\mpfenv\lib\site-packages\mpfmc\config_collections\widget.py", line 40, in process_config
    widget_list.append(self.process_widget(widget))
  File "c:\users\noah\mpfenv\lib\site-packages\mpfmc\config_collections\widget.py", line 82, in process_widget
    config['type']).lower(), config, base_spec='widgets:common')
  File "c:\users\noah\mpfenv\lib\site-packages\mpf\core\config_validator.py", line 176, in validate_config
    validation_failure_info=validation_failure_info)
  File "c:\users\noah\mpfenv\lib\site-packages\mpf\core\config_validator.py", line 228, in _validate_config
    validation_failure_info=ValidationPath(validation_failure_info, k))
  File "c:\users\noah\mpfenv\lib\site-packages\mpf\core\config_validator.py", line 250, in validate_config_item
    validation_failure_info.item, section), 9)
  File "c:\users\noah\mpfenv\lib\site-packages\mpf\core\config_validator.py", line 718, in validation_error
    item, msg), 5 if code is None else code, self.log.name)
mpf.exceptions.config_file_error.ConfigFileError: Config File Error in ConfigValidator: Error while loading mode 'base' >> Config validation error: Entry widgets:text:widgets:text:text = "None" is not valid. Required setting "text:" is missing from section "widgets:text:widgets:text:" in your config. Error Code: CFE-ConfigValidator-9 (https://docs.missionpinball.org/en/0.54/logs/CFE-ConfigValidator-9.html)

The above exception was the direct cause of the following exception:

Traceback (most recent call last):
  File "c:\users\noah\mpfenv\lib\site-packages\mpfmc\commands\mc.py", line 224, in __init__
    thread_stopper=thread_stopper).run()
  File "c:\users\noah\mpfenv\lib\site-packages\kivy\app.py", line 855, in run
    runTouchApp()
  File "c:\users\noah\mpfenv\lib\site-packages\kivy\base.py", line 504, in runTouchApp
    EventLoop.window.mainloop()
  File "c:\users\noah\mpfenv\lib\site-packages\kivy\core\window\window_sdl2.py", line 747, in mainloop
    self._mainloop()
  File "c:\users\noah\mpfenv\lib\site-packages\kivy\core\window\window_sdl2.py", line 479, in _mainloop
    EventLoop.idle()
  File "c:\users\noah\mpfenv\lib\site-packages\kivy\base.py", line 339, in idle
    Clock.tick()
  File "c:\users\noah\mpfenv\lib\site-packages\kivy\clock.py", line 591, in tick
    self._process_events()
  File "kivy\_clock.pyx", line 384, in kivy._clock.CyClockBase._process_events
  File "kivy\_clock.pyx", line 414, in kivy._clock.CyClockBase._process_events
  File "kivy\_clock.pyx", line 412, in kivy._clock.CyClockBase._process_events
  File "kivy\_clock.pyx", line 167, in kivy._clock.ClockEvent.tick
  File "c:\users\noah\mpfenv\lib\site-packages\mpfmc\uix\display.py", line 208, in _displays_initialized
    self.mc.displays_initialized()
  File "c:\users\noah\mpfenv\lib\site-packages\mpfmc\core\mc.py", line 348, in displays_initialized
    self._init()
  File "c:\users\noah\mpfenv\lib\site-packages\mpfmc\core\mc.py", line 393, in _init
    self.events.process_event_queue()
  File "c:\users\noah\mpfenv\lib\site-packages\mpf\core\events.py", line 770, in process_event_queue
    **event[3])
  File "c:\users\noah\mpfenv\lib\site-packages\mpf\core\events.py", line 729, in _process_event
    result = self._run_handlers(event, ev_type, kwargs)
  File "c:\users\noah\mpfenv\lib\site-packages\mpf\core\events.py", line 685, in _run_handlers
    raise Exception("Exception while processing {} for event {}. {}".format(handler, event, e)) from e
Exception: Exception while processing RegisteredHandler(callback=<bound method ModeController._load_modes of <mpfmc.core.mode_controller.ModeController object at 0x000002220A240E08>>, priority=1, kwargs={}, key=UUID('2f01f14a-2a70-40f5-8227-05fdf214b954'), condition=None, blocking_facility=None) for event init_phase_2. Config File Error in ConfigValidator: Error while loading mode 'base' >> Config validation error: Entry widgets:text:widgets:text:text = "None" is not valid. Required setting "text:" is missing from section "widgets:text:widgets:text:" in your config. Error Code: CFE-ConfigValidator-9 (https://docs.missionpinball.org/en/0.54/logs/CFE-ConfigValidator-9.html)
2021-03-18 20:14:50,386 : kivy : Stopping child threads... (1 remaining)
2021-03-18 20:14:51,392 : kivy : All child threads stopped.
