2021-03-24 13:32:20,024 : INFO : root : Loading config.
2021-03-24 13:32:20,031 : INFO : YamlMultifileConfigLoader : Machine config file #1: config.yaml
2021-03-24 13:32:20,032 : INFO : ConfigProcessor : Loading config from cache: C:\Users\Noah\AppData\Local\Temp\f1e6b3d603b69cf20c882e489c97a885.mpf_cache
2021-03-24 13:32:20,220 : INFO : ConfigProcessor : Loading config from cache: C:\Users\Noah\AppData\Local\Temp\3667aa7b16c33035bf5ed76426078541.mpf_cache
2021-03-24 13:32:20,221 : INFO : ConfigProcessor : Loading config from cache: C:\Users\Noah\AppData\Local\Temp\a7eac71e9da1e9cfd4db34c71351dbda.mpf_cache
2021-03-24 13:32:20,223 : INFO : ConfigProcessor : Loading config from cache: C:\Users\Noah\AppData\Local\Temp\087a53a03e25f86845675c231fd2982a.mpf_cache
2021-03-24 13:32:20,224 : INFO : ConfigProcessor : Loading config from cache: C:\Users\Noah\AppData\Local\Temp\8252fe0f7adb2196fe883aefa2a8963e.mpf_cache
2021-03-24 13:32:20,226 : INFO : ConfigProcessor : Loading config from cache: C:\Users\Noah\AppData\Local\Temp\fab15a6988082b7b90a1ae2ab7ba49ba.mpf_cache
2021-03-24 13:32:20,228 : INFO : Machine : Mission Pinball Framework Core Engine v0.54.6
2021-03-24 13:32:20,228 : INFO : Machine : Command line arguments: {'no_load_cache': False, 'create_config_cache': True, 'bcp': True, 'configfile': ['config.yaml'], 'force_assets_load': False, 'jsonlogging': False, 'logfile': 'logs\\2021-03-24-13-32-20-mpf-DESKTOP-VL0THH1.log', 'pause': False, 'production': False, 'text_ui': False, 'loglevel': 15, 'consoleloglevel': 20, 'force_platform': None, 'syslog_address': None, 'mc_file_name': None, 'no_sound': False}
2021-03-24 13:32:20,228 : INFO : Machine : MPF path: c:\users\noah\mpfenv\lib\site-packages\mpf
2021-03-24 13:32:20,228 : INFO : Machine : Machine path: C:\Users\Noah\work\Andy Cavatorta\pinball\notes\MPF\test_platform
2021-03-24 13:32:20,228 : INFO : Machine : Platform: win32
2021-03-24 13:32:20,228 : INFO : Machine : Python executable location: c:\users\noah\mpfenv\scripts\python.exe
2021-03-24 13:32:20,228 : INFO : Machine : Python version: 3.7.9 (64-bit)
2021-03-24 13:32:20,233 : INFO : Machine : Initialise MPF.
2021-03-24 13:32:20,362 : INFO : P-Roc : Connecting to P-ROC
2021-03-24 13:32:20,773 : INFO : P-Roc : Successfully connected to P-ROC/P3-ROC. Firmware Version: 2. Firmware Revision: 6. Hardware Board ID: 1
2021-03-24 13:32:20,773 : WARNING : P-Roc : Consider upgrading the firmware of your P/P3-Roc to at least 2.14. Your version contains known bugs.
2021-03-24 13:32:20,839 : INFO : EventManager : Event: ======'machine_var_p_roc_version'====== Args={'value': 2, 'prev_value': None, 'change': True}
2021-03-24 13:32:20,839 : INFO : EventManager : Event: ======'machine_var_p_roc_revision'====== Args={'value': 6, 'prev_value': None, 'change': True}
2021-03-24 13:32:20,840 : INFO : EventManager : Event: ======'machine_var_p_roc_hardware_version'====== Args={'value': 1, 'prev_value': None, 'change': True}
2021-03-24 13:32:20,840 : INFO : EventManager : Event: ======'machine_var_credits_string'====== Args={'value': 'FREE PLAY', 'prev_value': None, 'change': True}
2021-03-24 13:32:20,968 : INFO : EventManager : Event: ======'machine_var_mpf_version'====== Args={'value': 'MPF v0.54.6', 'prev_value': None, 'change': True}
2021-03-24 13:32:20,968 : INFO : EventManager : Event: ======'machine_var_mpf_extended_version'====== Args={'value': 'MPF v0.54.6, Config version:5, Show version: 5, BCP version:1.1', 'prev_value': None, 'change': True}
2021-03-24 13:32:20,969 : INFO : EventManager : Event: ======'machine_var_python_version'====== Args={'value': '3.7.9', 'prev_value': None, 'change': True}
2021-03-24 13:32:20,969 : INFO : EventManager : Event: ======'machine_var_platform'====== Args={'value': 'Windows-10-10.0.19041-SP0', 'prev_value': None, 'change': True}
2021-03-24 13:32:20,969 : INFO : EventManager : Event: ======'machine_var_platform_system'====== Args={'value': 'Windows', 'prev_value': None, 'change': True}
2021-03-24 13:32:20,969 : INFO : EventManager : Event: ======'machine_var_platform_release'====== Args={'value': '10', 'prev_value': None, 'change': True}
2021-03-24 13:32:20,969 : INFO : EventManager : Event: ======'machine_var_platform_version'====== Args={'value': '10.0.19041', 'prev_value': None, 'change': True}
2021-03-24 13:32:20,969 : INFO : EventManager : Event: ======'machine_var_platform_machine'====== Args={'value': 'AMD64', 'prev_value': None, 'change': True}
2021-03-24 13:32:20,970 : INFO : EventManager : Event: ======'init_phase_1'====== Args={}
2021-03-24 13:32:21,023 : INFO : EventManager : Event: ======'drop_target_bank_noah_up'====== Args={}
2021-03-24 13:32:21,029 : INFO : EventManager : Event: ======'init_phase_2'====== Args={}
2021-03-24 13:32:21,060 : INFO : EventManager : Event: ======'bcp_connection_attempt'====== Args={'name': 'local_display', 'host': 'localhost', 'port': 5050}
2021-03-24 13:32:21,063 : INFO : BCPClientSocket : Connecting BCP to 'local_display' at localhost:5050...
2021-03-24 13:32:23,590 : INFO : BCPClientSocket : Connected BCP to 'local_display' localhost:5050
2021-03-24 13:32:23,591 : INFO : EventManager : Event: ======'bcp_clients_connected'====== Args={}
2021-03-24 13:32:23,592 : INFO : ball_device.bd_trough : State: idle
2021-03-24 13:32:23,617 : INFO : EventManager : Event: ======'init_phase_3'====== Args={}
2021-03-24 13:32:23,628 : INFO : EventManager : Event: ======'machine_var_mc_version'====== Args={'value': 'MPF-MC v0.54.0', 'prev_value': None, 'change': True}
2021-03-24 13:32:23,628 : INFO : EventManager : Event: ======'machine_var_mc_extended_version'====== Args={'value': 'MPF-MC v0.54.0 (config_version=5, BCP v1.1, Requires MPF v0.54.0)', 'prev_value': None, 'change': True}
2021-03-24 13:32:23,632 : INFO : EventManager : Event: ======'machine_var_master_volume'====== Args={'value': 0.5, 'prev_value': None, 'change': True}
2021-03-24 13:32:23,632 : INFO : EventManager : Event: ======'init_phase_4'====== Args={}
2021-03-24 13:32:23,633 : INFO : BallController : Initial balls found: 0
2021-03-24 13:32:23,634 : INFO : EventManager : Event: ======'machine_var_audits_switches_s_left_flipper'====== Args={'value': 0, 'prev_value': None, 'change': True}
2021-03-24 13:32:23,635 : INFO : EventManager : Event: ======'machine_var_audits_switches_s_right_flipper'====== Args={'value': 0, 'prev_value': None, 'change': True}
2021-03-24 13:32:23,635 : INFO : EventManager : Event: ======'machine_var_audits_switches_s_left_slingshot_main'====== Args={'value': 0, 'prev_value': None, 'change': True}
2021-03-24 13:32:23,635 : INFO : EventManager : Event: ======'machine_var_audits_switches_s_right_slingshot_main'====== Args={'value': 0, 'prev_value': None, 'change': True}
2021-03-24 13:32:23,636 : INFO : EventManager : Event: ======'machine_var_audits_switches_s_left_slingshot_mid'====== Args={'value': 0, 'prev_value': None, 'change': True}
2021-03-24 13:32:23,636 : INFO : EventManager : Event: ======'machine_var_audits_switches_s_right_slingshot_mid'====== Args={'value': 0, 'prev_value': None, 'change': True}
2021-03-24 13:32:23,637 : INFO : EventManager : Event: ======'machine_var_audits_switches_s_drop_target_1'====== Args={'value': 0, 'prev_value': None, 'change': True}
2021-03-24 13:32:23,637 : INFO : EventManager : Event: ======'machine_var_audits_switches_s_drop_target_2'====== Args={'value': 0, 'prev_value': None, 'change': True}
2021-03-24 13:32:23,637 : INFO : EventManager : Event: ======'machine_var_audits_switches_s_pop_bumper_1'====== Args={'value': 0, 'prev_value': None, 'change': True}
2021-03-24 13:32:23,637 : INFO : EventManager : Event: ======'machine_var_audits_switches_s_pop_bumper_2'====== Args={'value': 0, 'prev_value': None, 'change': True}
2021-03-24 13:32:23,637 : INFO : EventManager : Event: ======'machine_var_audits_switches_s_pop_bumper_3'====== Args={'value': 0, 'prev_value': None, 'change': True}
2021-03-24 13:32:23,638 : INFO : EventManager : Event: ======'machine_var_audits_switches_s_trough1'====== Args={'value': 0, 'prev_value': None, 'change': True}
2021-03-24 13:32:23,639 : INFO : EventManager : Event: ======'init_phase_5'====== Args={}
2021-03-24 13:32:23,639 : INFO : EventManager : Event: ======'init_done'====== Args={}
2021-03-24 13:32:23,642 : INFO : EventManager : Event: ======'machine_reset_phase_1'====== Args={}
2021-03-24 13:32:23,649 : INFO : EventManager : Event: ======'slide_welcome_slide_removed'====== Args={'_from_bcp': True}
2021-03-24 13:32:23,655 : INFO : EventManager : Event: ======'slide_welcome_slide_created'====== Args={'_from_bcp': True}
2021-03-24 13:32:23,658 : INFO : EventManager : Event: ======'machine_reset_phase_2'====== Args={}
2021-03-24 13:32:23,658 : INFO : EventManager : Event: ======'machine_reset_phase_3'====== Args={}
2021-03-24 13:32:23,658 : INFO : drop_target_bank.noah : All targets are already up. Will not reset bank.
2021-03-24 13:32:23,672 : INFO : EventManager : Event: ======'reset_complete'====== Args={}
2021-03-24 13:32:23,673 : INFO : EventManager : Event: ======'mode_attract_will_start'====== Args={}
2021-03-24 13:32:23,676 : INFO : EventManager : Event: ======'mode_attract_starting'====== Args={}
2021-03-24 13:32:23,676 : INFO : Mode.attract : Started. Priority: 10
2021-03-24 13:32:23,677 : INFO : EventManager : Event: ======'modes_active_modes_changed'====== Args={}
2021-03-24 13:32:23,677 : INFO : EventManager : Event: ======'mode_attract_started'====== Args={}
2021-03-24 13:32:23,679 : INFO : EventManager : Event: ======'collecting_balls_complete'====== Args={}
2021-03-24 13:32:23,679 : INFO : EventManager : Event: ======'slide_welcome_slide_active'====== Args={'_from_bcp': True}
2021-03-24 13:32:23,680 : INFO : Machine : Starting the main run loop.
2021-03-24 13:32:23,689 : INFO : EventManager : Event: ======'slide_awesome_slide_created'====== Args={'_from_bcp': True}
2021-03-24 13:32:23,696 : INFO : EventManager : Event: ======'slide_awesome_slide_active'====== Args={'_from_bcp': True}
2021-03-24 13:32:25,550 : INFO : SwitchController : <<<<<<< 's_right_flipper' active >>>>>>>
2021-03-24 13:32:25,855 : INFO : SwitchController : <<<<<<< 's_right_flipper' inactive >>>>>>>
2021-03-24 13:32:26,695 : INFO : EventManager : Event: ======'slide_press_start_created'====== Args={'_from_bcp': True}
2021-03-24 13:32:26,700 : INFO : EventManager : Event: ======'slide_press_start_active'====== Args={'_from_bcp': True}
2021-03-24 13:32:29,688 : INFO : EventManager : Event: ======'slide_mission_pinball_created'====== Args={'_from_bcp': True}
2021-03-24 13:32:29,694 : INFO : EventManager : Event: ======'slide_mission_pinball_active'====== Args={'_from_bcp': True}
2021-03-24 13:32:31,906 : INFO : SwitchController : <<<<<<< 's_right_flipper' active >>>>>>>
2021-03-24 13:32:32,688 : INFO : EventManager : Event: ======'slide_last_game_score_slide_created'====== Args={'_from_bcp': True}
2021-03-24 13:32:32,692 : INFO : EventManager : Event: ======'slide_last_game_score_slide_active'====== Args={'_from_bcp': True}
2021-03-24 13:32:33,080 : INFO : SwitchController : <<<<<<< 's_right_flipper' inactive >>>>>>>
2021-03-24 13:32:33,861 : INFO : SwitchController : <<<<<<< 's_left_flipper' active >>>>>>>
2021-03-24 13:32:33,986 : INFO : SwitchController : <<<<<<< 's_left_flipper' inactive >>>>>>>
2021-03-24 13:32:34,148 : INFO : SwitchController : <<<<<<< 's_left_flipper' active >>>>>>>
2021-03-24 13:32:34,231 : INFO : SwitchController : <<<<<<< 's_left_flipper' inactive >>>>>>>
2021-03-24 13:32:34,307 : INFO : SwitchController : <<<<<<< 's_left_flipper' active >>>>>>>
2021-03-24 13:32:34,373 : INFO : SwitchController : <<<<<<< 's_left_flipper' inactive >>>>>>>
2021-03-24 13:32:34,884 : INFO : SwitchController : <<<<<<< 's_right_flipper' active >>>>>>>
2021-03-24 13:32:34,939 : INFO : SwitchController : <<<<<<< 's_right_flipper' inactive >>>>>>>
2021-03-24 13:32:34,983 : INFO : SwitchController : <<<<<<< 's_right_flipper' active >>>>>>>
2021-03-24 13:32:35,059 : INFO : SwitchController : <<<<<<< 's_right_flipper' inactive >>>>>>>
2021-03-24 13:32:35,113 : INFO : SwitchController : <<<<<<< 's_right_flipper' active >>>>>>>
2021-03-24 13:32:35,178 : INFO : SwitchController : <<<<<<< 's_right_flipper' inactive >>>>>>>
2021-03-24 13:32:35,289 : INFO : SwitchController : <<<<<<< 's_right_flipper' active >>>>>>>
2021-03-24 13:32:35,321 : INFO : SwitchController : <<<<<<< 's_right_flipper' inactive >>>>>>>
2021-03-24 13:32:35,526 : INFO : SwitchController : <<<<<<< 's_right_flipper' active >>>>>>>
2021-03-24 13:32:35,539 : INFO : SwitchController : <<<<<<< 's_right_flipper' inactive >>>>>>>
2021-03-24 13:32:35,685 : INFO : EventManager : Event: ======'slide_awesome_slide_removed'====== Args={'_from_bcp': True}
2021-03-24 13:32:35,691 : INFO : EventManager : Event: ======'slide_awesome_slide_created'====== Args={'_from_bcp': True}
2021-03-24 13:32:35,695 : INFO : EventManager : Event: ======'slide_awesome_slide_active'====== Args={'_from_bcp': True}
2021-03-24 13:32:35,762 : INFO : SwitchController : <<<<<<< 's_right_flipper' active >>>>>>>
2021-03-24 13:32:35,827 : INFO : SwitchController : <<<<<<< 's_right_flipper' inactive >>>>>>>
2021-03-24 13:32:36,009 : INFO : SwitchController : <<<<<<< 's_right_flipper' active >>>>>>>
2021-03-24 13:32:36,053 : INFO : SwitchController : <<<<<<< 's_right_flipper' inactive >>>>>>>
2021-03-24 13:32:38,751 : INFO : EventManager : Event: ======'slide_press_start_removed'====== Args={'_from_bcp': True}
2021-03-24 13:32:38,882 : INFO : EventManager : Event: ======'slide_press_start_created'====== Args={'_from_bcp': True}
2021-03-24 13:32:38,903 : INFO : EventManager : Event: ======'slide_press_start_active'====== Args={'_from_bcp': True}
2021-03-24 13:32:41,689 : INFO : EventManager : Event: ======'slide_mission_pinball_removed'====== Args={'_from_bcp': True}
2021-03-24 13:32:41,693 : INFO : EventManager : Event: ======'slide_mission_pinball_created'====== Args={'_from_bcp': True}
2021-03-24 13:32:41,695 : INFO : EventManager : Event: ======'slide_mission_pinball_active'====== Args={'_from_bcp': True}
2021-03-24 13:32:44,695 : INFO : EventManager : Event: ======'slide_last_game_score_slide_removed'====== Args={'_from_bcp': True}
2021-03-24 13:32:44,700 : INFO : EventManager : Event: ======'slide_last_game_score_slide_created'====== Args={'_from_bcp': True}
2021-03-24 13:32:44,703 : INFO : EventManager : Event: ======'slide_last_game_score_slide_active'====== Args={'_from_bcp': True}
2021-03-24 13:32:47,691 : INFO : EventManager : Event: ======'slide_awesome_slide_removed'====== Args={'_from_bcp': True}
2021-03-24 13:32:47,695 : INFO : EventManager : Event: ======'slide_awesome_slide_created'====== Args={'_from_bcp': True}
2021-03-24 13:32:47,697 : INFO : EventManager : Event: ======'slide_awesome_slide_active'====== Args={'_from_bcp': True}
2021-03-24 13:32:50,692 : INFO : EventManager : Event: ======'slide_press_start_removed'====== Args={'_from_bcp': True}
2021-03-24 13:32:50,696 : INFO : EventManager : Event: ======'slide_press_start_created'====== Args={'_from_bcp': True}
2021-03-24 13:32:50,700 : INFO : EventManager : Event: ======'slide_press_start_active'====== Args={'_from_bcp': True}
2021-03-24 13:32:53,689 : INFO : EventManager : Event: ======'slide_mission_pinball_removed'====== Args={'_from_bcp': True}
2021-03-24 13:32:53,694 : INFO : EventManager : Event: ======'slide_mission_pinball_created'====== Args={'_from_bcp': True}
2021-03-24 13:32:53,697 : INFO : EventManager : Event: ======'slide_mission_pinball_active'====== Args={'_from_bcp': True}
2021-03-24 13:32:56,691 : INFO : EventManager : Event: ======'slide_last_game_score_slide_removed'====== Args={'_from_bcp': True}
2021-03-24 13:32:56,697 : INFO : EventManager : Event: ======'slide_last_game_score_slide_created'====== Args={'_from_bcp': True}
2021-03-24 13:32:56,705 : INFO : EventManager : Event: ======'slide_last_game_score_slide_active'====== Args={'_from_bcp': True}
2021-03-24 13:32:59,691 : INFO : EventManager : Event: ======'slide_awesome_slide_removed'====== Args={'_from_bcp': True}
2021-03-24 13:32:59,695 : INFO : EventManager : Event: ======'slide_awesome_slide_created'====== Args={'_from_bcp': True}
2021-03-24 13:32:59,698 : INFO : EventManager : Event: ======'slide_awesome_slide_active'====== Args={'_from_bcp': True}
2021-03-24 13:33:00,811 : ERROR : asyncio : Exception in callback Util.raise_exceptions(<Task finishe...wer supply.')>) at c:\users\noah\mpfenv\lib\site-packages\mpf\core\utility_functions.py:726
handle: <Handle Util.raise_exceptions(<Task finishe...wer supply.')>) at c:\users\noah\mpfenv\lib\site-packages\mpf\core\utility_functions.py:726>
Traceback (most recent call last):
  File "c:\users\noah\mpfenv\lib\site-packages\mpf\platforms\p_roc_common.py", line 143, in read_events_and_watchdog
    self.proc.flush()
OSError: Error in WriteData: wrote 0 of 8 bytes

The above exception was the direct cause of the following exception:

Traceback (most recent call last):
  File "C:\Users\Noah\AppData\Local\Programs\Python\Python37\lib\asyncio\events.py", line 88, in _run
    self._context.run(self._callback, *self._args)
  File "c:\users\noah\mpfenv\lib\site-packages\mpf\core\utility_functions.py", line 734, in raise_exceptions
    future.result()
  File "c:\users\noah\mpfenv\lib\site-packages\mpf\platforms\p_roc_common.py", line 302, in _poll_events
    loop=self.machine.clock.loop)
  File "c:\users\noah\mpfenv\lib\site-packages\mpf\platforms\p_roc_common.py", line 152, in read_events_and_watchdog
    self.log.name) from error
mpf.exceptions.runtime_error.MpfRuntimeError: Runtime Error in P-Roc: Communication with P/P3-Roc broke down. Check USB cable and power supply. Error Code: RE-P-Roc-2 (https://docs.missionpinball.org/en/0.54/logs/RE-P-Roc-2.html)
2021-03-24 13:33:00,863 : INFO : Machine : Shutting down...
2021-03-24 13:33:00,863 : INFO : EventManager : Event: ======'shutdown'====== Args={}
2021-03-24 13:33:00,876 : ERROR : Machine : Runtime Exception
Traceback (most recent call last):
  File "c:\users\noah\mpfenv\lib\site-packages\mpf\platforms\p_roc_common.py", line 143, in read_events_and_watchdog
    self.proc.flush()
OSError: Error in WriteData: wrote 0 of 8 bytes

The above exception was the direct cause of the following exception:

Traceback (most recent call last):
  File "c:\users\noah\mpfenv\lib\site-packages\mpf\core\machine.py", line 745, in _run_loop
    raise self._exception['exception']
  File "C:\Users\Noah\AppData\Local\Programs\Python\Python37\lib\asyncio\events.py", line 88, in _run
    self._context.run(self._callback, *self._args)
  File "c:\users\noah\mpfenv\lib\site-packages\mpf\core\utility_functions.py", line 734, in raise_exceptions
    future.result()
  File "c:\users\noah\mpfenv\lib\site-packages\mpf\platforms\p_roc_common.py", line 302, in _poll_events
    loop=self.machine.clock.loop)
  File "c:\users\noah\mpfenv\lib\site-packages\mpf\platforms\p_roc_common.py", line 152, in read_events_and_watchdog
    self.log.name) from error
mpf.exceptions.runtime_error.MpfRuntimeError: Runtime Error in P-Roc: Communication with P/P3-Roc broke down. Check USB cable and power supply. Error Code: RE-P-Roc-2 (https://docs.missionpinball.org/en/0.54/logs/RE-P-Roc-2.html)
2021-03-24 13:33:00,896 : INFO : root : MPF run loop ended.
