2021-03-24 17:37:42,629 : INFO : root : Loading config.
2021-03-24 17:37:42,635 : INFO : YamlMultifileConfigLoader : Machine config file #1: config.yaml
2021-03-24 17:37:42,636 : INFO : ConfigProcessor : Loading config from cache: C:\Users\Noah\AppData\Local\Temp\f1e6b3d603b69cf20c882e489c97a885.mpf_cache
2021-03-24 17:37:42,773 : INFO : ConfigProcessor : Loading config from cache: C:\Users\Noah\AppData\Local\Temp\3667aa7b16c33035bf5ed76426078541.mpf_cache
2021-03-24 17:37:42,775 : INFO : ConfigProcessor : Loading config from cache: C:\Users\Noah\AppData\Local\Temp\a7eac71e9da1e9cfd4db34c71351dbda.mpf_cache
2021-03-24 17:37:42,776 : INFO : ConfigProcessor : Loading config from cache: C:\Users\Noah\AppData\Local\Temp\087a53a03e25f86845675c231fd2982a.mpf_cache
2021-03-24 17:37:42,777 : INFO : ConfigProcessor : Loading config from cache: C:\Users\Noah\AppData\Local\Temp\8252fe0f7adb2196fe883aefa2a8963e.mpf_cache
2021-03-24 17:37:42,778 : INFO : ConfigProcessor : Loading config from cache: C:\Users\Noah\AppData\Local\Temp\fab15a6988082b7b90a1ae2ab7ba49ba.mpf_cache
2021-03-24 17:37:42,779 : INFO : Machine : Mission Pinball Framework Core Engine v0.54.6
2021-03-24 17:37:42,779 : INFO : Machine : Command line arguments: {'no_load_cache': False, 'create_config_cache': True, 'bcp': True, 'configfile': ['config.yaml'], 'force_assets_load': False, 'jsonlogging': False, 'logfile': 'logs\\2021-03-24-17-37-42-mpf-DESKTOP-VL0THH1.log', 'pause': False, 'production': False, 'text_ui': False, 'loglevel': 15, 'consoleloglevel': 20, 'force_platform': None, 'syslog_address': None, 'mc_file_name': None, 'no_sound': False}
2021-03-24 17:37:42,779 : INFO : Machine : MPF path: c:\users\noah\mpfenv\lib\site-packages\mpf
2021-03-24 17:37:42,779 : INFO : Machine : Machine path: C:\Users\Noah\work\Andy Cavatorta\pinball\notes\MPF\test_platform
2021-03-24 17:37:42,779 : INFO : Machine : Platform: win32
2021-03-24 17:37:42,780 : INFO : Machine : Python executable location: c:\users\noah\mpfenv\scripts\python.exe
2021-03-24 17:37:42,780 : INFO : Machine : Python version: 3.7.9 (64-bit)
2021-03-24 17:37:42,783 : INFO : Machine : Initialise MPF.
2021-03-24 17:37:42,904 : INFO : P-Roc : Connecting to P-ROC
2021-03-24 17:37:43,110 : INFO : P-Roc : Successfully connected to P-ROC/P3-ROC. Firmware Version: 2. Firmware Revision: 6. Hardware Board ID: 1
2021-03-24 17:37:43,110 : WARNING : P-Roc : Consider upgrading the firmware of your P/P3-Roc to at least 2.14. Your version contains known bugs.
2021-03-24 17:37:43,184 : INFO : EventManager : Event: ======'machine_var_p_roc_version'====== Args={'value': 2, 'prev_value': None, 'change': True}
2021-03-24 17:37:43,184 : INFO : EventManager : Event: ======'machine_var_p_roc_revision'====== Args={'value': 6, 'prev_value': None, 'change': True}
2021-03-24 17:37:43,185 : INFO : EventManager : Event: ======'machine_var_p_roc_hardware_version'====== Args={'value': 1, 'prev_value': None, 'change': True}
2021-03-24 17:37:43,185 : INFO : EventManager : Event: ======'machine_var_credits_string'====== Args={'value': 'FREE PLAY', 'prev_value': None, 'change': True}
2021-03-24 17:37:43,268 : INFO : EventManager : Event: ======'machine_var_mpf_version'====== Args={'value': 'MPF v0.54.6', 'prev_value': None, 'change': True}
2021-03-24 17:37:43,268 : INFO : EventManager : Event: ======'machine_var_mpf_extended_version'====== Args={'value': 'MPF v0.54.6, Config version:5, Show version: 5, BCP version:1.1', 'prev_value': None, 'change': True}
2021-03-24 17:37:43,269 : INFO : EventManager : Event: ======'machine_var_python_version'====== Args={'value': '3.7.9', 'prev_value': None, 'change': True}
2021-03-24 17:37:43,269 : INFO : EventManager : Event: ======'machine_var_platform'====== Args={'value': 'Windows-10-10.0.19041-SP0', 'prev_value': None, 'change': True}
2021-03-24 17:37:43,269 : INFO : EventManager : Event: ======'machine_var_platform_system'====== Args={'value': 'Windows', 'prev_value': None, 'change': True}
2021-03-24 17:37:43,269 : INFO : EventManager : Event: ======'machine_var_platform_release'====== Args={'value': '10', 'prev_value': None, 'change': True}
2021-03-24 17:37:43,269 : INFO : EventManager : Event: ======'machine_var_platform_version'====== Args={'value': '10.0.19041', 'prev_value': None, 'change': True}
2021-03-24 17:37:43,269 : INFO : EventManager : Event: ======'machine_var_platform_machine'====== Args={'value': 'AMD64', 'prev_value': None, 'change': True}
2021-03-24 17:37:43,269 : INFO : EventManager : Event: ======'init_phase_1'====== Args={}
2021-03-24 17:37:43,309 : INFO : EventManager : Event: ======'drop_target_bank_drop_target_bank_1_up'====== Args={}
2021-03-24 17:37:43,314 : INFO : EventManager : Event: ======'init_phase_2'====== Args={}
2021-03-24 17:37:43,346 : INFO : EventManager : Event: ======'bcp_connection_attempt'====== Args={'name': 'local_display', 'host': 'localhost', 'port': 5050}
2021-03-24 17:37:43,347 : INFO : BCPClientSocket : Connecting BCP to 'local_display' at localhost:5050...
2021-03-24 17:37:45,371 : INFO : BCPClientSocket : Connected BCP to 'local_display' localhost:5050
2021-03-24 17:37:45,372 : INFO : EventManager : Event: ======'bcp_clients_connected'====== Args={}
2021-03-24 17:37:45,373 : INFO : ball_device.bd_trough : State: idle
2021-03-24 17:37:45,385 : INFO : EventManager : Event: ======'init_phase_3'====== Args={}
2021-03-24 17:37:45,396 : INFO : EventManager : Event: ======'init_phase_4'====== Args={}
2021-03-24 17:37:45,397 : INFO : BallController : Initial balls found: 0
2021-03-24 17:37:45,399 : INFO : EventManager : Event: ======'machine_var_audits_switches_s_left_flipper'====== Args={'value': 0, 'prev_value': None, 'change': True}
2021-03-24 17:37:45,400 : INFO : EventManager : Event: ======'machine_var_audits_switches_s_right_flipper'====== Args={'value': 0, 'prev_value': None, 'change': True}
2021-03-24 17:37:45,400 : INFO : EventManager : Event: ======'machine_var_audits_switches_s_left_slingshot_main'====== Args={'value': 0, 'prev_value': None, 'change': True}
2021-03-24 17:37:45,400 : INFO : EventManager : Event: ======'machine_var_audits_switches_s_right_slingshot_main'====== Args={'value': 0, 'prev_value': None, 'change': True}
2021-03-24 17:37:45,400 : INFO : EventManager : Event: ======'machine_var_audits_switches_s_left_slingshot_mid'====== Args={'value': 0, 'prev_value': None, 'change': True}
2021-03-24 17:37:45,400 : INFO : EventManager : Event: ======'machine_var_audits_switches_s_right_slingshot_mid'====== Args={'value': 0, 'prev_value': None, 'change': True}
2021-03-24 17:37:45,400 : INFO : EventManager : Event: ======'machine_var_audits_switches_s_drop_target_1'====== Args={'value': 0, 'prev_value': None, 'change': True}
2021-03-24 17:37:45,401 : INFO : EventManager : Event: ======'machine_var_audits_switches_s_drop_target_2'====== Args={'value': 0, 'prev_value': None, 'change': True}
2021-03-24 17:37:45,401 : INFO : EventManager : Event: ======'machine_var_audits_switches_s_pop_bumper_1'====== Args={'value': 0, 'prev_value': None, 'change': True}
2021-03-24 17:37:45,401 : INFO : EventManager : Event: ======'machine_var_audits_switches_s_pop_bumper_2'====== Args={'value': 0, 'prev_value': None, 'change': True}
2021-03-24 17:37:45,401 : INFO : EventManager : Event: ======'machine_var_audits_switches_s_pop_bumper_3'====== Args={'value': 0, 'prev_value': None, 'change': True}
2021-03-24 17:37:45,401 : INFO : EventManager : Event: ======'machine_var_audits_switches_s_trough1'====== Args={'value': 0, 'prev_value': None, 'change': True}
2021-03-24 17:37:45,402 : INFO : EventManager : Event: ======'init_phase_5'====== Args={}
2021-03-24 17:37:45,403 : INFO : EventManager : Event: ======'machine_var_mc_version'====== Args={'value': 'MPF-MC v0.54.0', 'prev_value': None, 'change': True}
2021-03-24 17:37:45,404 : INFO : EventManager : Event: ======'machine_var_mc_extended_version'====== Args={'value': 'MPF-MC v0.54.0 (config_version=5, BCP v1.1, Requires MPF v0.54.0)', 'prev_value': None, 'change': True}
2021-03-24 17:37:45,410 : INFO : EventManager : Event: ======'machine_var_master_volume'====== Args={'value': 0.5, 'prev_value': None, 'change': True}
2021-03-24 17:37:45,411 : INFO : EventManager : Event: ======'init_done'====== Args={}
2021-03-24 17:37:45,413 : INFO : EventManager : Event: ======'machine_reset_phase_1'====== Args={}
2021-03-24 17:37:45,442 : INFO : EventManager : Event: ======'slide_welcome_slide_removed'====== Args={'_from_bcp': True}
2021-03-24 17:37:45,453 : INFO : EventManager : Event: ======'slide_welcome_slide_created'====== Args={'_from_bcp': True}
2021-03-24 17:37:45,482 : INFO : EventManager : Event: ======'machine_reset_phase_2'====== Args={}
2021-03-24 17:37:45,483 : INFO : EventManager : Event: ======'machine_reset_phase_3'====== Args={}
2021-03-24 17:37:45,483 : INFO : drop_target_bank.drop_target_bank_1 : All targets are already up. Will not reset bank.
2021-03-24 17:37:45,496 : INFO : EventManager : Event: ======'reset_complete'====== Args={}
2021-03-24 17:37:45,497 : INFO : EventManager : Event: ======'mode_attract_will_start'====== Args={}
2021-03-24 17:37:45,498 : INFO : EventManager : Event: ======'mode_attract_starting'====== Args={}
2021-03-24 17:37:45,498 : INFO : Mode.attract : Started. Priority: 10
2021-03-24 17:37:45,499 : INFO : EventManager : Event: ======'modes_active_modes_changed'====== Args={}
2021-03-24 17:37:45,499 : INFO : EventManager : Event: ======'mode_attract_started'====== Args={}
2021-03-24 17:37:45,500 : INFO : EventManager : Event: ======'collecting_balls_complete'====== Args={}
2021-03-24 17:37:45,500 : INFO : EventManager : Event: ======'slide_welcome_slide_active'====== Args={'_from_bcp': True}
2021-03-24 17:37:45,502 : INFO : Machine : Starting the main run loop.
2021-03-24 17:37:45,552 : INFO : EventManager : Event: ======'slide_awesome_slide_created'====== Args={'_from_bcp': True}
2021-03-24 17:37:45,557 : INFO : EventManager : Event: ======'slide_awesome_slide_active'====== Args={'_from_bcp': True}
2021-03-24 17:38:45,516 : INFO : EventManager : Event: ======'slide_press_start_created'====== Args={'_from_bcp': True}
2021-03-24 17:38:45,518 : INFO : EventManager : Event: ======'slide_press_start_active'====== Args={'_from_bcp': True}
2021-03-24 17:39:45,512 : INFO : EventManager : Event: ======'slide_mission_pinball_created'====== Args={'_from_bcp': True}
2021-03-24 17:39:45,515 : INFO : EventManager : Event: ======'slide_mission_pinball_active'====== Args={'_from_bcp': True}
2021-03-24 17:40:45,509 : INFO : EventManager : Event: ======'slide_last_game_score_slide_created'====== Args={'_from_bcp': True}
2021-03-24 17:40:45,511 : INFO : EventManager : Event: ======'slide_last_game_score_slide_active'====== Args={'_from_bcp': True}
2021-03-24 17:41:45,498 : INFO : EventManager : Event: ======'slide_awesome_slide_removed'====== Args={'_from_bcp': True}
2021-03-24 17:41:45,501 : INFO : EventManager : Event: ======'slide_awesome_slide_created'====== Args={'_from_bcp': True}
2021-03-24 17:41:45,503 : INFO : EventManager : Event: ======'slide_awesome_slide_active'====== Args={'_from_bcp': True}
2021-03-24 17:42:07,050 : ERROR : asyncio : Exception in callback Util.raise_exceptions(<Task finishe...wer supply.')>) at c:\users\noah\mpfenv\lib\site-packages\mpf\core\utility_functions.py:726
handle: <Handle Util.raise_exceptions(<Task finishe...wer supply.')>) at c:\users\noah\mpfenv\lib\site-packages\mpf\core\utility_functions.py:726>
Traceback (most recent call last):
  File "c:\users\noah\mpfenv\lib\site-packages\mpf\platforms\p_roc_common.py", line 143, in read_events_and_watchdog
    self.proc.flush()
OSError: Error in WriteData: wrote 0 of 8 bytes

The above exception was the direct cause of the following exception:

Traceback (most recent call last):
  File "C:\Users\Noah\AppData\Local\Programs\Python\Python37\lib\asyncio\events.py", line 88, in _run
    self._context.run(self._callback, *self._args)
  File "c:\users\noah\mpfenv\lib\site-packages\mpf\core\utility_functions.py", line 734, in raise_exceptions
    future.result()
  File "c:\users\noah\mpfenv\lib\site-packages\mpf\platforms\p_roc_common.py", line 302, in _poll_events
    loop=self.machine.clock.loop)
  File "c:\users\noah\mpfenv\lib\site-packages\mpf\platforms\p_roc_common.py", line 152, in read_events_and_watchdog
    self.log.name) from error
mpf.exceptions.runtime_error.MpfRuntimeError: Runtime Error in P-Roc: Communication with P/P3-Roc broke down. Check USB cable and power supply. Error Code: RE-P-Roc-2 (https://docs.missionpinball.org/en/0.54/logs/RE-P-Roc-2.html)
2021-03-24 17:42:07,055 : INFO : Machine : Shutting down...
2021-03-24 17:42:07,055 : INFO : EventManager : Event: ======'shutdown'====== Args={}
2021-03-24 17:42:07,062 : ERROR : Machine : Runtime Exception
Traceback (most recent call last):
  File "c:\users\noah\mpfenv\lib\site-packages\mpf\platforms\p_roc_common.py", line 143, in read_events_and_watchdog
    self.proc.flush()
OSError: Error in WriteData: wrote 0 of 8 bytes

The above exception was the direct cause of the following exception:

Traceback (most recent call last):
  File "c:\users\noah\mpfenv\lib\site-packages\mpf\core\machine.py", line 745, in _run_loop
    raise self._exception['exception']
  File "C:\Users\Noah\AppData\Local\Programs\Python\Python37\lib\asyncio\events.py", line 88, in _run
    self._context.run(self._callback, *self._args)
  File "c:\users\noah\mpfenv\lib\site-packages\mpf\core\utility_functions.py", line 734, in raise_exceptions
    future.result()
  File "c:\users\noah\mpfenv\lib\site-packages\mpf\platforms\p_roc_common.py", line 302, in _poll_events
    loop=self.machine.clock.loop)
  File "c:\users\noah\mpfenv\lib\site-packages\mpf\platforms\p_roc_common.py", line 152, in read_events_and_watchdog
    self.log.name) from error
mpf.exceptions.runtime_error.MpfRuntimeError: Runtime Error in P-Roc: Communication with P/P3-Roc broke down. Check USB cable and power supply. Error Code: RE-P-Roc-2 (https://docs.missionpinball.org/en/0.54/logs/RE-P-Roc-2.html)
2021-03-24 17:42:07,064 : INFO : root : MPF run loop ended.
